batch_then_drain 2048 23
I    1199365         0
I    1787885         1
I    3450976         2
I       4517         3
I    3174360         4
I     180448         5
I    1482751         6
I    3651297         7
I     104950         8
I      34598         9
I     417486        10
I     130847        11
I    1836334        12
I    2087310        13
I     169446        14
I     939276        15
I     475498        16
I    1573606        17
I    2816321        18
I    1500722        19
I    4180043        20
I    3939951        21
I    3076881        22
I    2916151        23
I    3863286        24
I    3307512        25
I     902206        26
I    2102063        27
I    3231893        28
I     151638        29
I    2562438        30
I    2058518        31
I     836587        32
I     302196        33
I     369685        34
I    2715216        35
I    2679615        36
I     794867        37
I    2244094        38
I    2152567        39
I     524951        40
I    1499440        41
I    2851258        42
I    1491514        43
I    2955022        44
I    4172544        45
I     564009        46
I    3936345        47
I      48523        48
I    1595484        49
I    2556186        50
I    2148625        51
I    2435469        52
I     517721        53
I      10212        54
I    1333228        55
I    3357672        56
I    3893420        57
I    1482283        58
I      37300        59
I    2363676        60
I    2418792        61
I     152384        62
I     764385        63
I    2653276        64
I     909395        65
I     998867        66
I    2182800        67
I    3584969        68
I     960546        69
I    3442352        70
I    3348745        71
I    2488265        72
I    2019771        73
I    2939208        74
I    2962346        75
I     459355        76
I    1559135        77
I     849307        78
I    1706274        79
I    3506518        80
I    2266076        81
I    2525087        82
I    3527071        83
I     642037        84
I    1926695        85
I    1728135        86
I    3961891        87
I    2052107        88
I    1773325        89
I    4036722        90
I    1098895        91
I    3071951        92
I    3177067        93
I    2994956        94
I    1093897        95
I    1752398        96
I    3843823        97
I    1458261        98
I    1796955        99
I    1594007       100
I    2239200       101
I    1572839       102
I     774369       103
I    1044791       104
I    1609974       105
I      39871       106
I    3715899       107
I     998211       108
I     892766       109
I    2850790       110
I      26949       111
I     661992       112
I    2738134       113
I    3102996       114
I    3607035       115
I    2791927       116
I     386364       117
I    3462439       118
I    4034007       119
I    3138413       120
I     441186       121
I     706358       122
I     665664       123
I    3674975       124
I    3592101       125
I    3387593       126
I     985043       127
I     662703       128
I    3120771       129
I    4180486       130
I    2107942       131
I     106313       132
I    3887772       133
I     717985       134
I    2256059       135
I    1091119       136
I     736413       137
I    2036964       138
I    2323906       139
I    1942685       140
I    4144327       141
I    3431908       142
I    2004784       143
I    1157452       144
I     693489       145
I    2868039       146
I    4065804       147
I    2710580       148
I    2965131       149
I    3570612       150
I    2342017       151
I     495793       152
I    2362507       153
I    2069258       154
I    1671174       155
I    1103692       156
I     517369       157
I    1016969       158
I     219125       159
I    4178290       160
I     823668       161
I    4177976       162
I    1083681       163
I    2757788       164
I    1697534       165
I    1366440       166
I    1935136       167
I    3459250       168
I     966882       169
I     152141       170
I    2864509       171
I    4141453       172
I    3151412       173
I    2690868       174
I    2664894       175
I    2931852       176
I    2450331       177
I    2576223       178
I      42189       179
I    1505417       180
I    1429714       181
I    4153677       182
I    1394254       183
I    3959540       184
I     466840       185
I    3376121       186
I    1834912       187
I    1499675       188
I    1117130       189
I    4003350       190
I    3654973       191
I    1799591       192
I    2483584       193
I    2899382       194
I    1443913       195
I    3502353       196
I    1056222       197
I     229708       198
I     626565       199
I    1321237       200
I     791400       201
I    1418418       202
I    2323196       203
I    1904730       204
I    1153728       205
I     332413       206
I     794667       207
I    1805251       208
I     804473       209
I    3926772       210
I    1497320       211
I    1520417       212
I     468177       213
I    2864457       214
I    1439799       215
I     299403       216
I     435761       217
I    3489306       218
I    1805160       219
I     188972       220
I    3622659       221
I     165679       222
I    1356884       223
I     936506       224
I    4011632       225
I    3680060       226
I    1752125       227
I    2409274       228
I    1824183       229
I    1420709       230
I     577956       231
I     644398       232
I    2788866       233
I    1151720       234
I    3960255       235
I     823784       236
I     786580       237
I     578584       238
I     519912       239
I    3785919       240
I    1427538       241
I    1079320       242
I    2674802       243
I      33890       244
I    1423102       245
I     197999       246
I    2217489       247
I    3107326       248
I    2347177       249
I     283447       250
I    4163375       251
I     284731       252
I    4188872       253
I    3882210       254
I    4083214       255
I    1617819       256
I    3385525       257
I     397031       258
I    1616955       259
I     579577       260
I     956515       261
I    2769418       262
I     709302       263
I    1969128       264
I    2336154       265
I    2812552       266
I    3102980       267
I    2897680       268
I     336014       269
I    1226953       270
I    1750282       271
I     412963       272
I    2451225       273
I    1835286       274
I     676050       275
I    2636454       276
I    2077100       277
I     125671       278
I    2206206       279
I    1284184       280
I    1617474       281
I    1484812       282
I    1936229       283
I      10518       284
I    1382488       285
I    3051503       286
I     326048       287
I    1511482       288
I     360425       289
I    1650141       290
I    2275497       291
I    3670843       292
I    3972438       293
I    2987993       294
I     390822       295
I    1341684       296
I    3459419       297
I     659723       298
I     902214       299
I    1575833       300
I    3964270       301
I    3728496       302
I    1293686       303
I     982094       304
I    4054275       305
I    2626988       306
I    4049169       307
I    1910660       308
I     816712       309
I    2758660       310
I    3575091       311
I     232158       312
I    1475373       313
I     548998       314
I     745414       315
I    3097211       316
I    1113513       317
I     856958       318
I    2131772       319
I     174560       320
I    3549785       321
I     484790       322
I    1127954       323
I    3192124       324
I    1435976       325
I    1328498       326
I    3382878       327
I    1054547       328
I    1310231       329
I    2415051       330
I    2273394       331
I    3356489       332
I     196875       333
I    4089483       334
I    2688010       335
I    3052290       336
I    2694794       337
I    3451607       338
I    2662659       339
I    1979775       340
I    1393951       341
I    1166647       342
I    2169732       343
I     960581       344
I    1735779       345
I    1534091       346
I    1575989       347
I     726321       348
I    1147658       349
I    1127598       350
I     325856       351
I     211753       352
I     958642       353
I    3841817       354
I     827502       355
I    4028388       356
I    1039598       357
I    3781699       358
I     182820       359
I     224345       360
I    1716370       361
I    2199454       362
I    1907935       363
I    1045439       364
I    3049361       365
I    2530237       366
I    2201551       367
I    2177734       368
I     562665       369
I    2956397       370
I    1886773       371
I    4140602       372
I     318487       373
I    1256264       374
I    1938893       375
I     918601       376
I     171581       377
I    4151747       378
I    3761910       379
I     357991       380
I    2653317       381
I    2751894       382
I    2664366       383
I     887971       384
I    3239913       385
I    3697325       386
I     289628       387
I     827667       388
I    1584742       389
I    4153683       390
I    2805696       391
I    1006018       392
I    1487772       393
I    3560812       394
I     888391       395
I    4160297       396
I     663916       397
I    4046622       398
I    3916159       399
I    3981543       400
I    2352298       401
I     758186       402
I     150051       403
I    2076290       404
I    3420997       405
I    2038846       406
I    2450755       407
I    3686157       408
I    3197097       409
I    4142966       410
I    2545966       411
I    4188361       412
I     859182       413
I    2387460       414
I    3926169       415
I    4112255       416
I    3996784       417
I     716133       418
I    3528112       419
I     508037       420
I     266447       421
I    3697966       422
I     405268       423
I    1920365       424
I    1370306       425
I     343403       426
I    1686144       427
I    3167265       428
I    3708096       429
I    1719390       430
I     361902       431
I     615658       432
I     904232       433
I    1636718       434
I    3920973       435
I    2515375       436
I    1810137       437
I    1202952       438
I    3570323       439
I    4152845       440
I    3297928       441
I    1116690       442
I     294039       443
I     929071       444
I    2632396       445
I      75017       446
I    1499575       447
I    1624505       448
I     300540       449
I    2456247       450
I    3830739       451
I     957330       452
I    1968978       453
I    2871250       454
I    2133253       455
I    2520365       456
I     832077       457
I     951406       458
I    2227119       459
I     758383       460
I    1808235       461
I    1322847       462
I     916714       463
I     864074       464
I    3253821       465
I     239686       466
I    1430638       467
I    4179424       468
I     302190       469
I     491196       470
I    3943932       471
I    2455730       472
I    4183565       473
I    1241824       474
I     481609       475
I    2602156       476
I    4037812       477
I    3318209       478
I    2226247       479
I    1007391       480
I     442728       481
I    1998597       482
I     125688       483
I    3820268       484
I      32050       485
I    3619987       486
I    1000121       487
I    2919598       488
I    2769260       489
I    3225574       490
I     464913       491
I    2283072       492
I    1980526       493
I     609694       494
I     110780       495
I    2123713       496
I    4036207       497
I     236140       498
I    1560910       499
I    2038897       500
I    2519112       501
I    4148394       502
I    2583577       503
I     512925       504
I     250240       505
I    4189630       506
I     240897       507
I     229567       508
I    2158915       509
I    2539467       510
I     529664       511
I    2901136       512
I    3207502       513
I    2701235       514
I     983447       515
I    1765691       516
I    2554735       517
I    2780287       518
I    3358064       519
I    1362712       520
I    1383719       521
I    3274449       522
I    2641654       523
I    4036175       524
I    2623413       525
I    2502000       526
I    2320183       527
I    3329966       528
I    2017448       529
I    2025580       530
I    2660927       531
I     826870       532
I    2123989       533
I     278064       534
I     881807       535
I    1290255       536
I    2739381       537
I     422436       538
I    1359232       539
I     160367       540
I    3883514       541
I    1998379       542
I     612685       543
I    2986813       544
I    3213608       545
I    2993411       546
I    3456028       547
I    3942695       548
I    3624414       549
I    3529434       550
I    2899999       551
I    2616629       552
I     639731       553
I    1109451       554
I     932477       555
I     247491       556
I     903987       557
I    2235905       558
I     658876       559
I    1998990       560
I    3865750       561
I    1031836       562
I     636660       563
I    2320939       564
I    4137156       565
I    1098119       566
I    2594796       567
I    2835074       568
I     823472       569
I    2146373       570
I    1165562       571
I    1378281       572
I    1946375       573
I    2477729       574
I    2447042       575
I    2305459       576
I     548929       577
I    3560584       578
I    4070596       579
I     651368       580
I    1195949       581
I     133224       582
I    4171059       583
I    1674902       584
I    1800166       585
I    2423677       586
I    3614086       587
I    2890957       588
I     157181       589
I     794655       590
I    2189520       591
I    2225370       592
I     234103       593
I    1933136       594
I    3882126       595
I    2481920       596
I    2106666       597
I    2393176       598
I     138184       599
I    2212110       600
I    3388427       601
I    3542374       602
I    3224434       603
I     689541       604
I    2018316       605
I    1402414       606
I    3852748       607
I    2523368       608
I    1366699       609
I    1701660       610
I    1646236       611
I    2453693       612
I    2658902       613
I    2852292       614
I    3360648       615
I    2233023       616
I    1784058       617
I    2258896       618
I     351235       619
I    2209418       620
I    1138452       621
I    1149962       622
I    2461356       623
I    3587104       624
I    2531835       625
I    3856207       626
I     624348       627
I    3688372       628
I    3344499       629
I     945950       630
I    1179938       631
I    2046348       632
I    3516392       633
I    3542793       634
I    1685577       635
I    3421781       636
I    2751078       637
I    2670519       638
I    3820158       639
I    4084519       640
I    3819891       641
I    3198148       642
I    1397013       643
I    2522898       644
I    1597891       645
I     192820       646
I    3552714       647
I    2831954       648
I    1877531       649
I     370183       650
I    3949622       651
I    2679126       652
I     849757       653
I    3600032       654
I    3644818       655
I     855311       656
I    1950720       657
I    3128209       658
I    3428464       659
I     686173       660
I    3524294       661
I    4128184       662
I    2284965       663
I    2231139       664
I    4100327       665
I    1449112       666
I    4179212       667
I    1558540       668
I    3456418       669
I    4096668       670
I    3514525       671
I    1044320       672
I    1112708       673
I    2701712       674
I    3278474       675
I     446588       676
I    2827635       677
I     125614       678
I    3817405       679
I    1600702       680
I    2626388       681
I    1956331       682
I    3576461       683
I     957110       684
I    1130637       685
I    4127599       686
I    1365943       687
I     506449       688
I    1532440       689
I    2360532       690
I    1639410       691
I    2934622       692
I    3751291       693
I     200696       694
I    2442081       695
I      89835       696
I    4130314       697
I     595620       698
I    1434395       699
I    1512266       700
I    2154769       701
I    3177188       702
I    2286165       703
I    2621493       704
I     104845       705
I    3825635       706
I     283003       707
I     633656       708
I     921010       709
I    1005231       710
I    2219791       711
I    2414284       712
I     245554       713
I    1635531       714
I     629834       715
I    1158289       716
I    3811392       717
I    1295821       718
I    2035796       719
I    1261853       720
I     215645       721
I     481541       722
I     409501       723
I     424663       724
I     245478       725
I     833797       726
I     517363       727
I    3466309       728
I    3202384       729
I     337558       730
I    2277946       731
I     874504       732
I    1274518       733
I    1198246       734
I     629244       735
I     901777       736
I    3496526       737
I    1073550       738
I     575904       739
I    1207293       740
I    1899857       741
I    2017671       742
I    4087120       743
I    3512889       744
I     556171       745
I    1469823       746
I    3309801       747
I    3412460       748
I    3717137       749
I    2124556       750
I     169638       751
I    1046517       752
I    1017067       753
I    1569065       754
I    1541133       755
I    2470150       756
I    3908081       757
I    1252853       758
I    3058650       759
I     266775       760
I    4157937       761
I    1448159       762
I    1719075       763
I     509247       764
I    1615384       765
I    3117124       766
I    3048360       767
I    2246079       768
I    1949541       769
I    2002267       770
I    3620735       771
I     761908       772
I    1105147       773
I    2279252       774
I    3999796       775
I    1074783       776
I    1409477       777
I    1438834       778
I     517605       779
I     386933       780
I    2421665       781
I     797129       782
I    3396674       783
I    2527900       784
I    2202337       785
I    2838836       786
I    1860041       787
I    1828733       788
I     719837       789
I    1247381       790
I    2834653       791
I    2098822       792
I    4019806       793
I     256627       794
I     660023       795
I     173273       796
I    2695208       797
I     454635       798
I    2317383       799
I    3080866       800
I    2675326       801
I    1510723       802
I    3028414       803
I     600374       804
I    2791494       805
I    4014068       806
I    3584275       807
I     450215       808
I    1207692       809
I    3680934       810
I    1776816       811
I    1721111       812
I     145326       813
I     440814       814
I    3496017       815
I     423203       816
I    3735631       817
I    2549184       818
I    3241379       819
I    1974073       820
I    2820998       821
I    1887881       822
I     122218       823
I    2847107       824
I    2427060       825
I     632194       826
I    3255583       827
I     621681       828
I    1936462       829
I    2543758       830
I    1421669       831
I    2195366       832
I    2133218       833
I    1515384       834
I    3846037       835
I    4142233       836
I     822999       837
I    3341385       838
I    2894081       839
I    1621936       840
I    3111037       841
I     655994       842
I    1318853       843
I     581031       844
I    1515995       845
I     221522       846
I    3364896       847
I    1348416       848
I     897664       849
I    3388873       850
I    1319720       851
I    2927407       852
I    1816961       853
I    1583342       854
I      42493       855
I    1687719       856
I    3026784       857
I    2003712       858
I    2655296       859
I     172042       860
I    2370572       861
I    3947519       862
I    2472220       863
I     875348       864
I     358046       865
I    1156249       866
I     909560       867
I    3531521       868
I     432563       869
I     199422       870
I    2038484       871
I    3126993       872
I     286057       873
I    4027996       874
I    2672522       875
I    2181532       876
I    3651847       877
I    1359602       878
I    1897067       879
I    2588643       880
I    1779347       881
I    3827041       882
I    3130169       883
I    4106536       884
I     570814       885
I    4169697       886
I    2999991       887
I    2300904       888
I    2498979       889
I    2980925       890
I    1607349       891
I    2261853       892
I    2375336       893
I    3061175       894
I     968937       895
I    2673275       896
I     150481       897
I    2920140       898
I    4137067       899
I    2965436       900
I    3840992       901
I    1048175       902
I    3379854       903
I    2325977       904
I    1102045       905
I      49099       906
I     890075       907
I    3229946       908
I    3085503       909
I    1345935       910
I    3320648       911
I     582605       912
I    3338215       913
I    2495757       914
I     525925       915
I      33731       916
I    1411612       917
I     280506       918
I    4015607       919
I     768942       920
I     655726       921
I    2594339       922
I    1161469       923
I    1536886       924
I    2905954       925
I    2090415       926
I    3423713       927
I    3582760       928
I    1863116       929
I    2686718       930
I    1151829       931
I    1828529       932
I    1953766       933
I    1134459       934
I     617399       935
I    3873915       936
I    1941710       937
I     366631       938
I     948457       939
I    2037061       940
I     672351       941
I    2017116       942
I    3379966       943
I     183222       944
I    2697890       945
I    1431573       946
I    1257406       947
I    1874587       948
I    1312001       949
I     838161       950
I    3040949       951
I    3515870       952
I    1899814       953
I    2819124       954
I     383769       955
I    3451631       956
I     497518       957
I    3616607       958
I    1169750       959
I    2139318       960
I    2647369       961
I    4000376       962
I    4039060       963
I    2114485       964
I    3481480       965
I    2817683       966
I     305746       967
I    1621715       968
I    1349968       969
I    2661071       970
I    3997595       971
I    2897489       972
I    2960327       973
I    3625734       974
I    3881936       975
I    4026479       976
I    2675433       977
I    2087757       978
I    1972726       979
I    2538224       980
I    2442673       981
I    3658869       982
I    2720061       983
I    4007303       984
I     846958       985
I    4165548       986
I    3433319       987
I    2556899       988
I    1033976       989
I    3127461       990
I    1428990       991
I    4027526       992
I    1408328       993
I    3479193       994
I    1090011       995
I     935145       996
I    1383992       997
I    2625371       998
I    3337345       999
I    1429930      1000
I    1072616      1001
I    2169286      1002
I    1424900      1003
I     115780      1004
I    1070802      1005
I    4176651      1006
I    1241289      1007
I    1539659      1008
I    3599129      1009
I     604991      1010
I    4026285      1011
I    2318503      1012
I    2097027      1013
I    4193056      1014
I    1790962      1015
I    2135519      1016
I    3936839      1017
I    1840307      1018
I    1325966      1019
I    2899203      1020
I    1859903      1021
I      98250      1022
I    3953935      1023
I      80496      1024
I    2383800      1025
I    3981008      1026
I    1315470      1027
I     499165      1028
I    2330499      1029
I     766515      1030
I       8096      1031
I    3988744      1032
I    2398819      1033
I    3547752      1034
I    4150342      1035
I     567312      1036
I    2103613      1037
I    1678202      1038
I    4097529      1039
I     644823      1040
I     571945      1041
I    2646956      1042
I    1217673      1043
I      57592      1044
I    2016428      1045
I    2988316      1046
I    1518663      1047
I    2356811      1048
I    1699927      1049
I     285259      1050
I    3059235      1051
I    2718116      1052
I    2616357      1053
I    3763569      1054
I    1250099      1055
I     299431      1056
I    1854816      1057
I    2590941      1058
I    3015496      1059
I     764998      1060
I     911413      1061
I     394686      1062
I    1044908      1063
I    1466134      1064
I     154870      1065
I     780675      1066
I    3740058      1067
I     277740      1068
I    1946193      1069
I    1660883      1070
I    3844101      1071
I    1134242      1072
I    3441264      1073
I    3068345      1074
I    2469949      1075
I    3849986      1076
I    1026743      1077
I    1875296      1078
I    2545125      1079
I    1051545      1080
I     240641      1081
I    1622036      1082
I    3417645      1083
I     580177      1084
I    3845227      1085
I    3957093      1086
I    4135123      1087
I    1159949      1088
I    3960285      1089
I    2221533      1090
I      11798      1091
I     714744      1092
I    3491046      1093
I    2427137      1094
I    2497981      1095
I     702517      1096
I    3747000      1097
I    2169551      1098
I    3054853      1099
I    2581347      1100
I     108382      1101
I     187293      1102
I    4159312      1103
I    1664654      1104
I     170661      1105
I    1181031      1106
I    2109831      1107
I     860908      1108
I    2901951      1109
I    1731338      1110
I     973494      1111
I    3614141      1112
I    2130612      1113
I    3610849      1114
I      16180      1115
I    2223620      1116
I     759961      1117
I    4161994      1118
I     907683      1119
I    1618903      1120
I    2285589      1121
I    3712349      1122
I     908256      1123
I    3373882      1124
I    3364438      1125
I    2896272      1126
I    1797239      1127
I     495380      1128
I    4004044      1129
I    1689363      1130
I     669435      1131
I    1440704      1132
I    1325890      1133
I    1486780      1134
I    2918633      1135
I    3729414      1136
I    1974795      1137
I    4193587      1138
I    3943145      1139
I    1245340      1140
I    2426777      1141
I    3181148      1142
I    2399608      1143
I    3638801      1144
I    2399617      1145
I     541257      1146
I     599704      1147
I     211565      1148
I    2213658      1149
I    4051383      1150
I     329053      1151
I     744297      1152
I     394207      1153
I     213841      1154
I    2456049      1155
I    3099908      1156
I    1608334      1157
I    2977005      1158
I    4134017      1159
I    1518475      1160
I     718590      1161
I    1233505      1162
I    3204574      1163
I     981167      1164
I    1235906      1165
I    4144688      1166
I    2638612      1167
I    1225386      1168
I    3070611      1169
I    1651160      1170
I    2286739      1171
I    2301962      1172
I    2436230      1173
I    3581970      1174
I    1290513      1175
I    2812811      1176
I     455384      1177
I    3765834      1178
I    1388926      1179
I    2323788      1180
I    1930460      1181
I      59587      1182
I    2280754      1183
I    3251646      1184
I    3834633      1185
I    1280202      1186
I     173772      1187
I    3366000      1188
I    4024198      1189
I    2499167      1190
I    1056051      1191
I    1805103      1192
I      91143      1193
I       2257      1194
I    1002806      1195
I    1783407      1196
I    3370594      1197
I    3074486      1198
I     766117      1199
I    1557816      1200
I    1370999      1201
I    3072349      1202
I    4013568      1203
I    2372209      1204
I    3813974      1205
I    3605794      1206
I     579107      1207
I    3843436      1208
I    2337477      1209
I    2495256      1210
I    3255002      1211
I    1777879      1212
I    2519388      1213
I    4098099      1214
I     821408      1215
I    2283862      1216
I    3360783      1217
I    2232782      1218
I     136841      1219
I    2129626      1220
I    2385875      1221
I    3184370      1222
I    3481500      1223
I    3617793      1224
I    1978397      1225
I     943167      1226
I     763892      1227
I    3361365      1228
I    1805107      1229
I    2951493      1230
I    2736205      1231
I     678213      1232
I    1239146      1233
I    3935686      1234
I    3732803      1235
I    1615085      1236
I     841885      1237
I     885521      1238
I    1406429      1239
I    1572308      1240
I     882743      1241
I    2658008      1242
I    2572410      1243
I    3153936      1244
I    1251765      1245
I    2814883      1246
I    3022708      1247
I    3111145      1248
I    1553308      1249
I     653418      1250
I    3626309      1251
I    3437244      1252
I    1317777      1253
I     991733      1254
I     495595      1255
I     863154      1256
I    1523186      1257
I     676219      1258
I    1988413      1259
I     807969      1260
I    4067240      1261
I    2630568      1262
I    3165598      1263
I    1762000      1264
I     807368      1265
I    2600249      1266
I    3909660      1267
I    1171854      1268
I     304452      1269
I    3398104      1270
I     751371      1271
I     717593      1272
I    2913853      1273
I    1226345      1274
I    2228165      1275
I    1083244      1276
I    3085505      1277
I    1338120      1278
I    1525655      1279
I    2762971      1280
I    4167034      1281
I     854317      1282
I    2398704      1283
I    4005476      1284
I    1539839      1285
I    2702131      1286
I    4052384      1287
I    1606943      1288
I    3863679      1289
I    3600780      1290
I     206288      1291
I    1932331      1292
I    3933848      1293
I    1703631      1294
I     429059      1295
I    3703842      1296
I    2131437      1297
I    1505447      1298
I    3044101      1299
I    1400480      1300
I     882255      1301
I      47318      1302
I     430392      1303
I    3758261      1304
I     671579      1305
I    1632418      1306
I    1218794      1307
I    3138634      1308
I    2709593      1309
I    3541392      1310
I     627832      1311
I    3122258      1312
I    1784101      1313
I    2878136      1314
I    1432426      1315
I    1906846      1316
I    2724285      1317
I    1787892      1318
I    2222876      1319
I    1946505      1320
I     597164      1321
I    3608327      1322
I     644901      1323
I     843929      1324
I    3667335      1325
I    1655183      1326
I    2273524      1327
I    2655439      1328
I    3560058      1329
I     673917      1330
I    1553412      1331
I    3335679      1332
I    3897545      1333
I    1433484      1334
I    3627774      1335
I    2572345      1336
I     913010      1337
I     222637      1338
I    3978842      1339
I     977421      1340
I    3314451      1341
I     494762      1342
I    3674254      1343
I     209313      1344
I     809703      1345
I    3338045      1346
I    2551907      1347
I    2198060      1348
I     600856      1349
I    1448313      1350
I    3533731      1351
I    2798452      1352
I    3393426      1353
I    1407185      1354
I     937382      1355
I    3604623      1356
I    2081112      1357
I     133723      1358
I    3289718      1359
I     297849      1360
I     102082      1361
I    3834723      1362
I     346714      1363
I    3998585      1364
I    1633001      1365
I     680118      1366
I    3865968      1367
I    1628110      1368
I     986832      1369
I    3184571      1370
I    3556765      1371
I     341948      1372
I     299706      1373
I     598310      1374
I    3577014      1375
I    3458178      1376
I    1767286      1377
I    1883382      1378
I    1779467      1379
I    3873611      1380
I    3538874      1381
I    3763753      1382
I    1585198      1383
I    1566302      1384
I    2096372      1385
I    1166680      1386
I     584485      1387
I    2814896      1388
I    3198786      1389
I    3607565      1390
I     463621      1391
I    3463083      1392
I     734686      1393
I    1276557      1394
I    2327893      1395
I    2902399      1396
I    2230959      1397
I     872299      1398
I    1403228      1399
I    3486880      1400
I    4119142      1401
I    3004503      1402
I    1613439      1403
I    2727102      1404
I     441815      1405
I    2815415      1406
I    1121232      1407
I    2903536      1408
I    1102357      1409
I     973333      1410
I    1867398      1411
I    2113652      1412
I    3598746      1413
I    2983072      1414
I    3884952      1415
I    3516545      1416
I    3475376      1417
I    2958805      1418
I    2387232      1419
I    1697604      1420
I     148201      1421
I    1667221      1422
I    2941460      1423
I    4004814      1424
I    3029196      1425
I    2625272      1426
I    2206598      1427
I    2266935      1428
I    1396132      1429
I    3601399      1430
I    3544400      1431
I    3582751      1432
I    1273761      1433
I    3264159      1434
I    3854578      1435
I    1109503      1436
I    1100041      1437
I    4186044      1438
I    3344602      1439
I    1970845      1440
I    1118522      1441
I    2032542      1442
I    2431518      1443
I    2319172      1444
I    1165337      1445
I    1054363      1446
I    1325087      1447
I    4145749      1448
I    1125041      1449
I    3351143      1450
I    1125983      1451
I    1263964      1452
I    2535722      1453
I    1730908      1454
I    1108074      1455
I    2176602      1456
I     991886      1457
I    3677363      1458
I    3513450      1459
I    3148299      1460
I    1359334      1461
I     693997      1462
I     357852      1463
I     285404      1464
I    3977989      1465
I    2706558      1466
I    4101626      1467
I     998126      1468
I    4139583      1469
I      57582      1470
I    2105325      1471
I    3762486      1472
I    2477645      1473
I    2853757      1474
I      42529      1475
I    1617272      1476
I    2744417      1477
I    4092335      1478
I    1638411      1479
I     428864      1480
I    2579145      1481
I    1528309      1482
I     743968      1483
I    3130508      1484
I    1887541      1485
I     152933      1486
I     886830      1487
I    1596655      1488
I    4019964      1489
I    2486352      1490
I     363084      1491
I    1114982      1492
I    4122110      1493
I    4128390      1494
I    2034742      1495
I    2787044      1496
I    1822995      1497
I    2687975      1498
I    2995991      1499
I    1282522      1500
I    1271976      1501
I    2085042      1502
I    2168913      1503
I    3160777      1504
I    2897628      1505
I    2631385      1506
I    1865557      1507
I     309818      1508
I    3615828      1509
I    2934498      1510
I    3563528      1511
I     580018      1512
I    2144343      1513
I     375811      1514
I     116963      1515
I     337948      1516
I     848111      1517
I    3135105      1518
I    2268938      1519
I    2006388      1520
I    1978632      1521
I    1184868      1522
I    1292780      1523
I    3560439      1524
I    2093345      1525
I    2726940      1526
I     254103      1527
I    1853330      1528
I    2468949      1529
I     557487      1530
I     918168      1531
I     501431      1532
I    1149103      1533
I    3218333      1534
I     548975      1535
I     401861      1536
I    1314576      1537
I    3643541      1538
I     711028      1539
I    1629792      1540
I    1162865      1541
I    1739924      1542
I    2182777      1543
I     716578      1544
I    1541752      1545
I    1084983      1546
I     566147      1547
I    3785850      1548
I    3071128      1549
I     953959      1550
I    1430378      1551
I     749936      1552
I    1567116      1553
I    2734103      1554
I     441849      1555
I    2185239      1556
I    3898642      1557
I    3993030      1558
I    1212480      1559
I     535768      1560
I    3361108      1561
I    3741216      1562
I    2779640      1563
I    3465391      1564
I    3373239      1565
I    1512999      1566
I     327722      1567
I    3619788      1568
I    2850893      1569
I    1231794      1570
I    1604880      1571
I    3093207      1572
I    1872101      1573
I    2672907      1574
I     571277      1575
I      40259      1576
I    1984052      1577
I    1582549      1578
I    1601599      1579
I    3019385      1580
I      97956      1581
I    2076691      1582
I    2367039      1583
I    2971549      1584
I    1768138      1585
I    3774397      1586
I    3904955      1587
I    1372883      1588
I    3305113      1589
I    2042766      1590
I    3308831      1591
I    3552708      1592
I     475344      1593
I    2140649      1594
I     464948      1595
I     844590      1596
I    4094004      1597
I    3540173      1598
I    3507100      1599
I    3592706      1600
I     425136      1601
I    3811211      1602
I    2175858      1603
I     473790      1604
I    1131715      1605
I    2926355      1606
I    3969844      1607
I      77473      1608
I    4172353      1609
I    2884880      1610
I     516493      1611
I    4137671      1612
I    1399401      1613
I    2275992      1614
I    3831870      1615
I    2388595      1616
I    1266875      1617
I    1402999      1618
I    1551025      1619
I    2616330      1620
I    2525891      1621
I    2691857      1622
I    2387211      1623
I    3262415      1624
I    2139610      1625
I    2696402      1626
I    2380084      1627
I    3494401      1628
I    3171192      1629
I    3009505      1630
I    2562807      1631
I    1219919      1632
I    1096576      1633
I     397697      1634
I     338311      1635
I     701235      1636
I    1879748      1637
I    2736649      1638
I    2190618      1639
I    3736922      1640
I    2629233      1641
I    1085439      1642
I    3486287      1643
I    3234763      1644
I    2266499      1645
I    1073702      1646
I    1278736      1647
I     686414      1648
I     889838      1649
I    1850601      1650
I    3657176      1651
I     865127      1652
I    3974409      1653
I    1542533      1654
I    3901269      1655
I    3744229      1656
I     548009      1657
I     316954      1658
I    3849231      1659
I    2101972      1660
I    1996099      1661
I    2358210      1662
I    4082796      1663
I    4095023      1664
I     175263      1665
I    1054567      1666
I    1274774      1667
I     914116      1668
I    2346759      1669
I    1896726      1670
I    3910175      1671
I    3137843      1672
I    1202899      1673
I    2729559      1674
I    1933505      1675
I    3044438      1676
I    1328908      1677
I     146005      1678
I    3709371      1679
I    1286513      1680
I    3313966      1681
I     707446      1682
I    1705473      1683
I    2494276      1684
I    1620581      1685
I    1318998      1686
I     642921      1687
I    2589558      1688
I    3917923      1689
I    2689753      1690
I     275822      1691
I    2288811      1692
I    2215902      1693
I      67195      1694
I    3614708      1695
I    1659960      1696
I    1570803      1697
I     788386      1698
I    2264990      1699
I    4174914      1700
I    2237745      1701
I     752265      1702
I     942062      1703
I    2674315      1704
I    1226568      1705
I    4149506      1706
I    3921956      1707
I    3460267      1708
I    4034414      1709
I     563141      1710
I    3234370      1711
I     439033      1712
I    1651509      1713
I    3267385      1714
I    1956437      1715
I    1969555      1716
I    2006140      1717
I     597031      1718
I    1188625      1719
I    3304462      1720
I     686532      1721
I    3267182      1722
I    1428334      1723
I    2203108      1724
I     691819      1725
I    1080157      1726
I    2729715      1727
I    2839460      1728
I    3417456      1729
I    2671338      1730
I    1677992      1731
I    3742380      1732
I    1955789      1733
I    4124103      1734
I     304477      1735
I    1211939      1736
I    2778249      1737
I     228114      1738
I    2756831      1739
I    3074083      1740
I    3394101      1741
I    1722989      1742
I    1476841      1743
I    1914636      1744
I    1971392      1745
I    1072037      1746
I    4129362      1747
I     329830      1748
I    2097933      1749
I     451437      1750
I    2671779      1751
I    1378314      1752
I    1536923      1753
I     480168      1754
I    1349072      1755
I    1474212      1756
I    1828843      1757
I    4120677      1758
I    1279786      1759
I    3606709      1760
I    4113573      1761
I    2536056      1762
I    2226420      1763
I    2988600      1764
I    1889403      1765
I    2677571      1766
I    2617524      1767
I    2905762      1768
I    1032598      1769
I    2324536      1770
I    4046164      1771
I    3678627      1772
I     732940      1773
I    1559765      1774
I       8469      1775
I    3411273      1776
I    3420310      1777
I    2391418      1778
I    1561856      1779
I    2169177      1780
I      33308      1781
I    1599383      1782
I    2431714      1783
I    1506036      1784
I    1631054      1785
I     425513      1786
I    1719753      1787
I     120996      1788
I    2537130      1789
I    2324357      1790
I    2432419      1791
I    3243192      1792
I    1146066      1793
I    1157704      1794
I    1264236      1795
I    2793442      1796
I     418370      1797
I    2204803      1798
I    1961566      1799
I    2879467      1800
I    1089702      1801
I    1447828      1802
I    2720977      1803
I     388286      1804
I    1154950      1805
I    3173208      1806
I    1656089      1807
I    1231699      1808
I    1387677      1809
I    2566546      1810
I    1696561      1811
I    3426082      1812
I    3425355      1813
I    3939765      1814
I    1705904      1815
I    3608850      1816
I     564135      1817
I     356841      1818
I     656160      1819
I    3538151      1820
I     747490      1821
I    2599083      1822
I    3014696      1823
I    3227564      1824
I    3466733      1825
I    1713252      1826
I     359063      1827
I    2738851      1828
I    1699394      1829
I    2094811      1830
I    2290518      1831
I    1788189      1832
I    2673592      1833
I     289368      1834
I    1722505      1835
I    3333759      1836
I    4136196      1837
I    3958836      1838
I    1514557      1839
I     326390      1840
I      36145      1841
I    1328748      1842
I    3441854      1843
I     783459      1844
I    3578394      1845
I    3079004      1846
I    3174997      1847
I    2985739      1848
I    3647071      1849
I    1208657      1850
I    3920969      1851
I    1132021      1852
I    2688023      1853
I    3479160      1854
I    1068737      1855
I    2463057      1856
I     293423      1857
I    2919858      1858
I    3909887      1859
I    1988685      1860
I     107051      1861
I    3136389      1862
I    2597398      1863
I    1296515      1864
I    3918219      1865
I    3771188      1866
I    3893296      1867
I    2753374      1868
I     608305      1869
I    2235475      1870
I    3273877      1871
I      16954      1872
I    1251218      1873
I    1728075      1874
I     878280      1875
I    3003612      1876
I    3290988      1877
I    3768317      1878
I    3784341      1879
I    1521754      1880
I    3103169      1881
I    2382754      1882
I    3785265      1883
I    1065873      1884
I    1390287      1885
I    4079575      1886
I    2031802      1887
I    3299614      1888
I    1708201      1889
I    3213158      1890
I    1612892      1891
I     875342      1892
I    1668837      1893
I    2346321      1894
I    2364881      1895
I    1198397      1896
I    2172194      1897
I     307375      1898
I    1955578      1899
I    1788301      1900
I     769966      1901
I    3746422      1902
I    1582237      1903
I    2107778      1904
I    2331370      1905
I    1297467      1906
I    3621568      1907
I    2226793      1908
I    2575549      1909
I     110446      1910
I    3195289      1911
I    1239994      1912
I      92423      1913
I    2384474      1914
I    2228884      1915
I    1875866      1916
I    1720809      1917
I     384074      1918
I    2421030      1919
I    1453158      1920
I    3699467      1921
I      93270      1922
I    1826733      1923
I     535080      1924
I    3197560      1925
I    2355308      1926
I    3908812      1927
I    2456216      1928
I    2503002      1929
I    3579443      1930
I    3678820      1931
I    1449968      1932
I    2734621      1933
I     494159      1934
I     839441      1935
I    1002024      1936
I     945268      1937
I    3549609      1938
I    2650771      1939
I    2016364      1940
I     683300      1941
I     655185      1942
I    2500571      1943
I    1056413      1944
I    2300967      1945
I    3751968      1946
I    1802194      1947
I     881618      1948
I    2480891      1949
I     615874      1950
I    2711097      1951
I    2721193      1952
I    2223884      1953
I    2070472      1954
I    2890437      1955
I    1673518      1956
I    1223758      1957
I    1298071      1958
I    2422497      1959
I    2116301      1960
I     677041      1961
I     590618      1962
I    2925664      1963
I     450698      1964
I    2516134      1965
I    2730763      1966
I     486985      1967
I     133893      1968
I    3188986      1969
I     832333      1970
I    1799832      1971
I    2976917      1972
I    1730559      1973
I      98566      1974
I    2345369      1975
I    3912749      1976
I    3491321      1977
I    3911192      1978
I    3964557      1979
I     571103      1980
I    2041531      1981
I    3319628      1982
I    2408021      1983
I    1163485      1984
I    2216511      1985
I     771513      1986
I    3621075      1987
I    1397777      1988
I    2286248      1989
I     684461      1990
I    2689800      1991
I    2230957      1992
I    3985061      1993
I    1916213      1994
I     637944      1995
I      26839      1996
I     380044      1997
I    2936084      1998
I    2533864      1999
I    3893704      2000
I     689799      2001
I    1751701      2002
I    1326609      2003
I    2883140      2004
I    1428671      2005
I    4020066      2006
I     757457      2007
I    2333746      2008
I    4096491      2009
I    3186879      2010
I    1371759      2011
I     247022      2012
I    2888076      2013
I    1823150      2014
I    1691826      2015
I    2187631      2016
I    1355480      2017
I    2554598      2018
I    4037723      2019
I    3651502      2020
I     300726      2021
I    1938658      2022
I     680504      2023
I    1846304      2024
I    4124957      2025
I    1200258      2026
I    3888245      2027
I    2761084      2028
I     589050      2029
I    1727041      2030
I     829721      2031
I    1033584      2032
I    1712430      2033
I    1360798      2034
I    2978299      2035
I    3714843      2036
I    3596250      2037
I    3689738      2038
I    3514678      2039
I    3306307      2040
I    2976981      2041
I    2414681      2042
I    3111861      2043
I    1529990      2044
I     976744      2045
I    3220492      2046
I     652069      2047
E
E
E
E
E
E
E
E
E
E
E
E
E
E
E
E
E
E
E
E
E
E
E
E
E
E
E
E
E
E
E
E
E
E
E
E
E
E
E
E
E
E
E
E
E
E
E
E
E
E
E
E
E
E
E
E
E
E
E
E
E
E
E
E
E
E
E
E
E
E
E
E
E
E
E
E
E
E
E
E
E
E
E
E
E
E
E
E
E
E
E
E
E
E
E
E
E
E
E
E
E
E
E
E
E
E
E
E
E
E
E
E
E
E
E
E
E
E
E
E
E
E
E
E
E
E
E
E
E
E
E
E
E
E
E
E
E
E
E
E
E
E
E
E
E
E
E
E
E
E
E
E
E
E
E
E
E
E
E
E
E
E
E
E
E
E
E
E
E
E
E
E
E
E
E
E
E
E
E
E
E
E
E
E
E
E
E
E
E
E
E
E
E
E
E
E
E
E
E
E
E
E
E
E
E
E
E
E
E
E
E
E
E
E
E
E
E
E
E
E
E
E
E
E
E
E
E
E
E
E
E
E
E
E
E
E
E
E
E
E
E
E
E
E
E
E
E
E
E
E
E
E
E
E
E
E
E
E
E
E
E
E
E
E
E
E
E
E
E
E
E
E
E
E
E
E
E
E
E
E
E
E
E
E
E
E
E
E
E
E
E
E
E
E
E
E
E
E
E
E
E
E
E
E
E
E
E
E
E
E
E
E
E
E
E
E
E
E
E
E
E
E
E
E
E
E
E
E
E
E
E
E
E
E
E
E
E
E
E
E
E
E
E
E
E
E
E
E
E
E
E
E
E
E
E
E
E
E
E
E
E
E
E
E
E
E
E
E
E
E
E
E
E
E
E
E
E
E
E
E
E
E
E
E
E
E
E
E
E
E
E
E
E
E
E
E
E
E
E
E
E
E
E
E
E
E
E
E
E
E
E
E
E
E
E
E
E
E
E
E
E
E
E
E
E
E
E
E
E
E
E
E
E
E
E
E
E
E
E
E
E
E
E
E
E
E
E
E
E
E
E
E
E
E
E
E
E
E
E
E
E
E
E
E
E
E
E
E
E
E
E
E
E
E
E
E
E
E
E
E
E
E
E
E
E
E
E
E
E
E
E
E
E
E
E
E
E
E
E
E
E
E
E
E
E
E
E
E
E
E
E
E
E
E
E
E
E
E
E
E
E
E
E
E
E
E
E
E
E
E
E
E
E
E
E
E
E
E
E
E
E
E
E
E
E
E
E
E
E
E
E
E
E
E
E
E
E
E
E
E
E
E
E
E
E
E
E
E
E
E
E
E
E
E
E
E
E
E
E
E
E
E
E
E
E
E
E
E
E
E
E
E
E
E
E
E
E
E
E
E
E
E
E
E
E
E
E
E
E
E
E
E
E
E
E
E
E
E
E
E
E
E
E
E
E
E
E
E
E
E
E
E
E
E
E
E
E
E
E
E
E
E
E
E
E
E
E
E
E
E
E
E
E
E
E
E
E
E
E
E
E
E
E
E
E
E
E
E
E
E
E
E
E
E
E
E
E
E
E
E
E
E
E
E
E
E
E
E
E
E
E
E
E
E
E
E
E
E
E
E
E
E
E
E
E
E
E
E
E
E
E
E
E
E
E
E
E
E
E
E
E
E
E
E
E
E
E
E
E
E
E
E
E
E
E
E
E
E
E
E
E
E
E
E
E
E
E
E
E
E
E
E
E
E
E
E
E
E
E
E
E
E
E
E
E
E
E
E
E
E
E
E
E
E
E
E
E
E
E
E
E
E
E
E
E
E
E
E
E
E
E
E
E
E
E
E
E
E
E
E
E
E
E
E
E
E
E
E
E
E
E
E
E
E
E
E
E
E
E
E
E
E
E
E
E
E
E
E
E
E
E
E
E
E
E
E
E
E
E
E
E
E
E
E
E
E
E
E
E
E
E
E
E
E
E
E
E
E
E
E
E
E
E
E
E
E
E
E
E
E
E
E
E
E
E
E
E
E
E
E
E
E
E
E
E
E
E
E
E
E
E
E
E
E
E
E
E
E
E
E
E
E
E
E
E
E
E
E
E
E
E
E
E
E
E
E
E
E
E
E
E
E
E
E
E
E
E
E
E
E
E
E
E
E
E
E
E
E
E
E
E
E
E
E
E
E
E
E
E
E
E
E
E
E
E
E
E
E
E
E
E
E
E
E
E
E
E
E
E
E
E
E
E
E
E
E
E
E
E
E
E
E
E
E
E
E
E
E
E
E
E
E
E
E
E
E
E
E
E
E
E
E
E
E
E
E
E
E
E
E
E
E
E
E
E
E
E
E
E
E
E
E
E
E
E
E
E
E
E
E
E
E
E
E
E
E
E
E
E
E
E
E
E
E
E
E
E
E
E
E
E
E
E
E
E
E
E
E
E
E
E
E
E
E
E
E
E
E
E
E
E
E
E
E
E
E
E
E
E
E
E
E
E
E
E
E
E
E
E
E
E
E
E
E
E
E
E
E
E
E
E
E
E
E
E
E
E
E
E
E
E
E
E
E
E
E
E
E
E
E
E
E
E
E
E
E
E
E
E
E
E
E
E
E
E
E
E
E
E
E
E
E
E
E
E
E
E
E
E
E
E
E
E
E
E
E
E
E
E
E
E
E
E
E
E
E
E
E
E
E
E
E
E
E
E
E
E
E
E
E
E
E
E
E
E
E
E
E
E
E
E
E
E
E
E
E
E
E
E
E
E
E
E
E
E
E
E
E
E
E
E
E
E
E
E
E
E
E
E
E
E
E
E
E
E
E
E
E
E
E
E
E
E
E
E
E
E
E
E
E
E
E
E
E
E
E
E
E
E
E
E
E
E
E
E
E
E
E
E
E
E
E
E
E
E
E
E
E
E
E
E
E
E
E
E
E
E
E
E
E
E
E
E
E
E
E
E
E
E
E
E
E
E
E
E
E
E
E
E
E
E
E
E
E
E
E
E
E
E
E
E
E
E
E
E
E
E
E
E
E
E
E
E
E
E
E
E
E
E
E
E
E
E
E
E
E
E
E
E
E
E
E
E
E
E
E
E
E
E
E
E
E
E
E
E
E
E
E
E
E
E
E
E
E
E
E
E
E
E
E
E
E
E
E
E
E
E
E
E
E
E
E
E
E
E
E
E
E
E
E
E
E
E
E
E
E
E
E
E
E
E
E
E
E
E
E
E
E
E
E
E
E
E
E
E
E
E
E
E
E
E
E
E
E
E
E
E
E
E
E
E
E
E
E
E
E
E
E
E
E
E
E
E
E
E
E
E
E
E
E
E
E
E
E
E
E
E
E
E
E
E
E
E
E
E
E
E
E
E
E
E
E
E
E
E
E
E
E
E
E
E
E
E
E
E
E
E
E
E
E
E
E
E
E
E
E
E
E
E
E
E
E
E
E
E
E
E
E
E
E
E
E
E
E
E
E
E
E
E
E
E
E
E
E
E
E
E
E
E
E
E
E
E
E
E
E
E
E
E
E
E
E
E
E
E
E
E
E
E
E
E
E
E
E
E
E
E
E
E
E
E
E
E
E
E
E
E
E
E
E
E
E
E
E
E
E
E
E
E
E
E
E
E
E
E
E
E
E
E
E
E
E
E
E
E
E
E
E
E
E
E
E
E
E
E
E
E
E
E
E
E
E
E
E
E
E
E
E
E
E
E
E
E
E
E
E
E
E
E
E
E
E
E
E
E
E
E
E
E
E
E
E
E
E
E
E
E
E
E
E
E
E
E
E
E
E
E
E
E
E
E
E
E
E
E
E
E
E
E
E
E
E
E
E
E
E
E
E
E
E
E
E
E
E
E
E
E
E
E
E
E
E
E
E
E
E
E
E
E
E
E
E
E
E
E
E
E
E
E
E
E
E
E
E
E
E
E
E
E
E
E
E
E
E
E
E
E
E
E
E
E
E
E
E
E
E
E
E
E
E
E
E
E
E
E
E
E
E
E
E
E
E
E
E
E
E
E
E
E
E
E
E
E
E
E
E
E
E
E
E
E
E
E
E
E
E
E
E
E
E
E
E
E
E
E
E
E
E
E
E
E
E
E
E
E
E
E
E
E
E
E
E
E
E
E
E
E
E
E
E
E
E
E
E
E
E
E
E
E
E
E
E
E
E
E
E
E
E
E
E
E
E
E
E
E
E
E
E
E
E
E
E
E
E
E
E
E
E
E
E
E
E
E
E
E
E
E
E
E
E
E
E
E
E
E
E
E
E
E
E
E
E
E
E
E
E
E
E
E
E
E
E
E
E
E
E
E
E
E
E
E
E
E
E
E
E
E
E
E
E
E
E
E
E
E
E
E
E
E
E
E
E
E
E
E
E
E
E
E
E
E
E
E
E
E
E
E
E
E
E
E
E
E
E
E
E
E
E
E
E
E
E
E
E
E
E
E
E
E
E
E
E
E
E
E
E
E
E
E
E
E
E
E
E
E
E
E
E
E
E
E
E
E
E
E
E
E
E
E
E
E
E
E
E
E
E
E
E
E
E
E
E
E
E
E
E
E
E
E
E
E
E
E
E
E
E
E
E
E
E
E
E
E
E
E
E
E
E
E
E
E
E
E
E
E
E
E
E
E
E
E
E
E
E
E
E
E
E
E
E
E
E
E
E
E
E
E
E
